Customized Deal App

Back end 

Learn `rails generate model` from: http://railsguides.net/advanced-rails-model-generators/

- Database   (data source: Staples.com)
  a. user (based on tutorial example)
  b. product (id, staples_pid, name, msrp, price)
    rails generate model product staples_pid:string{6,7}:index:uniq name:string{256} 'msrp:decimal{10,2}' 'price:decimal{10,2}'
    rails generate migration RemoveMsrpFromProducts 'msrp:decimal{10,2}'
    rails generate migration AddDetailsToProducts url:string{256} image_url:string{256} description:string{256} availability:integer
    rails generate migration ChangeProductsStatples_pid staples_pid:string{8}
  c. alert (id, product_id, user_id, desired)
    rails generate scaffold Alert user:references product:references 'desired:decimal{10,2}'
  d. price price_history (product_id, price)
    rails generate scaffold price_history product:references 'price:decimal{10,2}'

- heroku
Ref: https://www.dailydrip.com/topics/sidekiq/drips/deployment
heroku addons:create redistogo:nano
heroku config:set REDIS_PROVIDER=REDISTOGO_URL

SENDGRID_USERNAME
SENDGRID_PASSWORD

- Automatically Catch Change

Front end

Page 1: Login -- tutorial  (banner, user_id, password, register, forget id/pwd, login)

Page 2: 

Create New Item: search box + Add
Index Existing Items (Product/MSRP/Current Price)
Update target price
Delete existing item


Web worker
Update price 


Alert Email

"The price of <XXX> in track has dropped to/blow your target price."
